Loaded environment from /Applications/XAMPP/xamppfiles/htdocs/hima_base/backend/.env
[32m[Nest] 40110  - [39m09/16/2025, 9:38:35 PM [32m    LOG[39m [38;5;3m[NestFactory] [39m[32mStarting Nest application...[39m
[32m[Nest] 40110  - [39m09/16/2025, 9:38:35 PM [32m    LOG[39m [38;5;3m[InstanceLoader] [39m[32mAppModule dependencies initialized[39m[38;5;3m +5ms[39m
[32m[Nest] 40110  - [39m09/16/2025, 9:38:35 PM [32m    LOG[39m [38;5;3m[InstanceLoader] [39m[32mConfigHostModule dependencies initialized[39m[38;5;3m +0ms[39m
[32m[Nest] 40110  - [39m09/16/2025, 9:38:35 PM [32m    LOG[39m [38;5;3m[InstanceLoader] [39m[32mAnalyticsModule dependencies initialized[39m[38;5;3m +0ms[39m
[32m[Nest] 40110  - [39m09/16/2025, 9:38:35 PM [32m    LOG[39m [38;5;3m[InstanceLoader] [39m[32mConfigModule dependencies initialized[39m[38;5;3m +0ms[39m
[32m[Nest] 40110  - [39m09/16/2025, 9:38:35 PM [32m    LOG[39m [38;5;3m[InstanceLoader] [39m[32mAdminModule dependencies initialized[39m[38;5;3m +1ms[39m
[32m[Nest] 40110  - [39m09/16/2025, 9:38:35 PM [32m    LOG[39m [38;5;3m[RoutesResolver] [39m[32mAppController {/api}:[39m[38;5;3m +3ms[39m
[32m[Nest] 40110  - [39m09/16/2025, 9:38:35 PM [32m    LOG[39m [38;5;3m[RouterExplorer] [39m[32mMapped {/api/health, GET} route[39m[38;5;3m +1ms[39m
[32m[Nest] 40110  - [39m09/16/2025, 9:38:35 PM [32m    LOG[39m [38;5;3m[RoutesResolver] [39m[32mAnalyticsController {/api/analytics}:[39m[38;5;3m +0ms[39m
[32m[Nest] 40110  - [39m09/16/2025, 9:38:35 PM [32m    LOG[39m [38;5;3m[RouterExplorer] [39m[32mMapped {/api/analytics/dashboard, GET} route[39m[38;5;3m +1ms[39m
[32m[Nest] 40110  - [39m09/16/2025, 9:38:35 PM [32m    LOG[39m [38;5;3m[RouterExplorer] [39m[32mMapped {/api/analytics/sales, GET} route[39m[38;5;3m +0ms[39m
[32m[Nest] 40110  - [39m09/16/2025, 9:38:35 PM [32m    LOG[39m [38;5;3m[RoutesResolver] [39m[32mAdminController {/api/admin}:[39m[38;5;3m +0ms[39m
[32m[Nest] 40110  - [39m09/16/2025, 9:38:35 PM [32m    LOG[39m [38;5;3m[RouterExplorer] [39m[32mMapped {/api/admin/active-users-monitor, GET} route[39m[38;5;3m +0ms[39m
[32m[Nest] 40110  - [39m09/16/2025, 9:38:35 PM [32m    LOG[39m [38;5;3m[RouterExplorer] [39m[32mMapped {/api/admin/active-users-raw, GET} route[39m[38;5;3m +0ms[39m
[32m[Nest] 40110  - [39m09/16/2025, 9:38:35 PM [32m    LOG[39m [38;5;3m[RouterExplorer] [39m[32mMapped {/api/admin/users, GET} route[39m[38;5;3m +0ms[39m
[32m[Nest] 40110  - [39m09/16/2025, 9:38:35 PM [32m    LOG[39m [38;5;3m[RouterExplorer] [39m[32mMapped {/api/admin/user-retention, GET} route[39m[38;5;3m +0ms[39m
[32m[Nest] 40110  - [39m09/16/2025, 9:38:35 PM [32m    LOG[39m [38;5;3m[RouterExplorer] [39m[32mMapped {/api/admin/retention-trends, GET} route[39m[38;5;3m +0ms[39m
[32m[Nest] 40110  - [39m09/16/2025, 9:38:35 PM [32m    LOG[39m [38;5;3m[RouterExplorer] [39m[32mMapped {/api/admin/daily-registrations-vs-payers, GET} route[39m[38;5;3m +1ms[39m
[32m[Nest] 40110  - [39m09/16/2025, 9:38:35 PM [32m    LOG[39m [38;5;3m[RouterExplorer] [39m[32mMapped {/api/admin/registrations-paid-by-language, GET} route[39m[38;5;3m +0ms[39m
[32m[Nest] 40110  - [39m09/16/2025, 9:38:35 PM [32m    LOG[39m [38;5;3m[RouterExplorer] [39m[32mMapped {/api/admin/repeat-payers-by-time, GET} route[39m[38;5;3m +0ms[39m
[32m[Nest] 40110  - [39m09/16/2025, 9:38:35 PM [32m    LOG[39m [38;5;3m[RouterExplorer] [39m[32mMapped {/api/admin/creators-income, GET} route[39m[38;5;3m +0ms[39m
[32m[Nest] 40110  - [39m09/16/2025, 9:38:35 PM [32m    LOG[39m [38;5;3m[RouterExplorer] [39m[32mMapped {/api/admin/creators-avg-call-time, GET} route[39m[38;5;3m +0ms[39m
[32m[Nest] 40110  - [39m09/16/2025, 9:38:35 PM [32m    LOG[39m [38;5;3m[RouterExplorer] [39m[32mMapped {/api/admin/creators-weekly-avg, GET} route[39m[38;5;3m +0ms[39m
[32m[Nest] 40110  - [39m09/16/2025, 9:38:35 PM [32m    LOG[39m [38;5;3m[RouterExplorer] [39m[32mMapped {/api/admin/dashboard-stats, GET} route[39m[38;5;3m +0ms[39m
[32m[Nest] 40110  - [39m09/16/2025, 9:38:35 PM [32m    LOG[39m [38;5;3m[RouterExplorer] [39m[32mMapped {/api/admin/creators-payouts, GET} route[39m[38;5;3m +0ms[39m
[32m[Nest] 40110  - [39m09/16/2025, 9:38:35 PM [32m    LOG[39m [38;5;3m[RouterExplorer] [39m[32mMapped {/api/admin/inactive-creators, GET} route[39m[38;5;3m +0ms[39m
[32m[Nest] 40110  - [39m09/16/2025, 9:38:35 PM [32m    LOG[39m [38;5;3m[RouterExplorer] [39m[32mMapped {/api/admin/creators-ftu-calls, GET} route[39m[38;5;3m +0ms[39m
[32m[Nest] 40110  - [39m09/16/2025, 9:38:35 PM [32m    LOG[39m [38;5;3m[RouterExplorer] [39m[32mMapped {/api/admin/send-daily-report, POST} route[39m[38;5;3m +0ms[39m
[32m[Nest] 40110  - [39m09/16/2025, 9:38:35 PM [32m    LOG[39m [38;5;3m[RouterExplorer] [39m[32mMapped {/api/admin/client-error, POST} route[39m[38;5;3m +0ms[39m
[32m[Nest] 40110  - [39m09/16/2025, 9:38:35 PM [32m    LOG[39m [38;5;3m[NestApplication] [39m[32mNest application successfully started[39m[38;5;3m +1ms[39m
🚀 Backend running on http://localhost:3003
