
> analytics-frontend@0.1.0 build
> next build

  ▲ Next.js 15.0.0
  - Environments: .env.local

   Creating an optimized production build ...
 ✓ Compiled successfully
   Linting and checking validity of types ...
   Collecting page data ...
   Generating static pages (0/20) ...
   Generating static pages (5/20) 
   Generating static pages (10/20) 
   Generating static pages (15/20) 
 ✓ Generating static pages (20/20)
   Finalizing page optimization ...
   Collecting build traces ...

Route (app)                                Size     First Load JS
┌ ○ /                                      1.15 kB         101 kB
├ ○ /_not-found                            900 B           100 kB
├ ○ /admin/active-users-monitor            1.52 kB         202 kB
├ ○ /admin/creator-income-retention        4.46 kB         204 kB
├ ○ /admin/creators-avg-time               2.83 kB         112 kB
├ ○ /admin/creators-ftu-calls              3.78 kB         103 kB
├ ○ /admin/creators-income                 3.31 kB         103 kB
├ ○ /admin/creators-payouts                4.01 kB         104 kB
├ ○ /admin/creators-weekly-avg             2.91 kB         102 kB
├ ○ /admin/inactive-creators               2.61 kB         102 kB
├ ○ /admin/reg-vs-payers                   6.06 kB         206 kB
├ ○ /admin/registrations-paid-by-language  3.81 kB         199 kB
├ ○ /admin/repeat-payers                   4.2 kB          204 kB
├ ○ /admin/retention                       4.57 kB         104 kB
├ ○ /admin/retention-trends                5.45 kB         205 kB
├ ○ /admin/send-report                     1.07 kB         101 kB
├ ○ /admin/users                           4.04 kB         104 kB
└ ○ /dashboard                             1.99 kB         101 kB
+ First Load JS shared by all              99.5 kB
  ├ chunks/215-58bc8b2f6f5ac19b.js         44.9 kB
  ├ chunks/4bd1b696-d9e2a9d274b2cd2b.js    52.6 kB
  └ other shared chunks (total)            1.97 kB


○  (Static)  prerendered as static content

