
> analytics-dashboard@1.0.0 install:all
> npm install && cd backend && npm install && cd ../frontend && npm install


up to date, audited 43 packages in 636ms

9 packages are looking for funding
  run `npm fund` for details

found 0 vulnerabilities

up to date, audited 736 packages in 1s

133 packages are looking for funding
  run `npm fund` for details

5 low severity vulnerabilities

To address all issues (including breaking changes), run:
  npm audit fix --force

Run `npm audit` for details.

added 449 packages, and audited 450 packages in 11s

159 packages are looking for funding
  run `npm fund` for details

2 vulnerabilities (1 high, 1 critical)

To address issues that do not require attention, run:
  npm audit fix

To address all issues, run:
  npm audit fix --force

Run `npm audit` for details.
